[debug] [2018-08-30T13:48:13.792Z] ----------------------------------------------------------------------
[debug] [2018-08-30T13:48:13.792Z] Command:       C:\Program Files\nodejs\node.exe C:\Users\andre\AppData\Roaming\npm\node_modules\firebase-tools\bin\firebase deploy
[debug] [2018-08-30T13:48:13.792Z] CLI Version:   4.0.3
[debug] [2018-08-30T13:48:13.792Z] Platform:      win32
[debug] [2018-08-30T13:48:13.792Z] Node Version:  v8.11.1
[debug] [2018-08-30T13:48:13.792Z] Time:          Thu Aug 30 2018 09:48:13 GMT-0400 (Eastern Daylight Time)
[debug] [2018-08-30T13:48:13.792Z] ----------------------------------------------------------------------
[debug] 
[debug] [2018-08-30T13:48:13.831Z] > command requires scopes: ["email","openid","https://www.googleapis.com/auth/cloudplatformprojects.readonly","https://www.googleapis.com/auth/firebase","https://www.googleapis.com/auth/cloud-platform"]
[debug] [2018-08-30T13:48:13.832Z] > authorizing via signed-in user
[debug] [2018-08-30T13:48:13.834Z] > refreshing access token with scopes: ["email","https://www.googleapis.com/auth/cloud-platform","https://www.googleapis.com/auth/cloudplatformprojects.readonly","https://www.googleapis.com/auth/firebase","openid"]
[debug] [2018-08-30T13:48:13.834Z] >>> HTTP REQUEST POST https://www.googleapis.com/oauth2/v3/token  
 { refresh_token: '1/esG13Jsp8NsDai5zhcaUjpDJLQXkA5013uJvhRXVxvcdNjsbOsH5chnYvjCaoJSp',
  client_id: '563584335869-fgrhgmd47bqnekij5i8b5pr03ho849e6.apps.googleusercontent.com',
  client_secret: 'j9iVZfS8kkCEFUPaAeJV0sAi',
  grant_type: 'refresh_token',
  scope: 'email https://www.googleapis.com/auth/cloud-platform https://www.googleapis.com/auth/cloudplatformprojects.readonly https://www.googleapis.com/auth/firebase openid' } 
 Thu Aug 30 2018 09:48:13 GMT-0400 (Eastern Daylight Time)
[debug] [2018-08-30T13:48:14.042Z] <<< HTTP RESPONSE 200
[debug] [2018-08-30T13:48:14.058Z] >>> HTTP REQUEST GET https://admin.firebase.com/v1/projects/eagle-interimsv2  
  
 Thu Aug 30 2018 09:48:14 GMT-0400 (Eastern Daylight Time)
[debug] [2018-08-30T13:48:14.579Z] <<< HTTP RESPONSE 200
[debug] [2018-08-30T13:48:14.582Z] >>> HTTP REQUEST GET https://admin.firebase.com/v1/database/eagle-interimsv2/tokens  
  
 Thu Aug 30 2018 09:48:14 GMT-0400 (Eastern Daylight Time)
[debug] [2018-08-30T13:48:15.084Z] <<< HTTP RESPONSE 200
